108.10.03 10:17 B G:\Documents\Videos\EXPO Eafcatu\www.eafcatu.gov.br\imagens\baner.gif --> ftp.insix.com.br /httpdocs/eafc/imagens baner.gif
108.10.03 10:17 B G:\Documents\Videos\EXPO Eafcatu\www.eafcatu.gov.br\imagens\botmenu.gif --> ftp.insix.com.br /httpdocs/eafc/imagens botmenu.gif
108.10.03 10:17 B G:\Documents\Videos\EXPO Eafcatu\www.eafcatu.gov.br\imagens\CONTATO.gif --> ftp.insix.com.br /httpdocs/eafc/imagens CONTATO.gif
108.10.03 10:17 B G:\Documents\Videos\EXPO Eafcatu\www.eafcatu.gov.br\imagens\CURSOS.gif --> ftp.insix.com.br /httpdocs/eafc/imagens CURSOS.gif
108.10.03 10:17 B G:\Documents\Videos\EXPO Eafcatu\www.eafcatu.gov.br\imagens\DATA IMP.gif --> ftp.insix.com.br /httpdocs/eafc/imagens DATA IMP.gif
108.10.03 10:17 B G:\Documents\Videos\EXPO Eafcatu\www.eafcatu.gov.br\imagens\EAFC2.gif --> ftp.insix.com.br /httpdocs/eafc/imagens EAFC2.gif
108.10.03 10:17 B G:\Documents\Videos\EXPO Eafcatu\www.eafcatu.gov.br\imagens\EAFC3.gif --> ftp.insix.com.br /httpdocs/eafc/imagens EAFC3.gif
108.10.03 10:17 B G:\Documents\Videos\EXPO Eafcatu\www.eafcatu.gov.br\imagens\fundo1.jpg --> ftp.insix.com.br /httpdocs/eafc/imagens fundo1.jpg
108.10.03 10:17 B G:\Documents\Videos\EXPO Eafcatu\www.eafcatu.gov.br\imagens\HORTA.gif --> ftp.insix.com.br /httpdocs/eafc/imagens HORTA.gif
108.10.03 10:17 B G:\Documents\Videos\EXPO Eafcatu\www.eafcatu.gov.br\imagens\INCRICAO.gif --> ftp.insix.com.br /httpdocs/eafc/imagens INCRICAO.gif
108.10.03 10:17 B G:\Documents\Videos\EXPO Eafcatu\www.eafcatu.gov.br\imagens\INICIO.gif --> ftp.insix.com.br /httpdocs/eafc/imagens INICIO.gif
108.10.03 10:17 B G:\Documents\Videos\EXPO Eafcatu\www.eafcatu.gov.br\imagens\INICIO2.gif --> ftp.insix.com.br /httpdocs/eafc/imagens INICIO2.gif
108.10.03 10:17 B G:\Documents\Videos\EXPO Eafcatu\www.eafcatu.gov.br\imagens\logoexpo.gif --> ftp.insix.com.br /httpdocs/eafc/imagens logoexpo.gif
108.10.03 10:17 B G:\Documents\Videos\EXPO Eafcatu\www.eafcatu.gov.br\imagens\logoexpo.jpg --> ftp.insix.com.br /httpdocs/eafc/imagens logoexpo.jpg
108.10.03 10:17 B G:\Documents\Videos\EXPO Eafcatu\www.eafcatu.gov.br\imagens\logotipoefac.gif --> ftp.insix.com.br /httpdocs/eafc/imagens logotipoefac.gif
108.10.03 10:17 B G:\Documents\Videos\EXPO Eafcatu\www.eafcatu.gov.br\imagens\out logo.jpg --> ftp.insix.com.br /httpdocs/eafc/imagens out logo.jpg
108.10.03 10:17 B G:\Documents\Videos\EXPO Eafcatu\www.eafcatu.gov.br\imagens\periodo.gif --> ftp.insix.com.br /httpdocs/eafc/imagens periodo.gif
108.10.03 10:17 B G:\Documents\Videos\EXPO Eafcatu\www.eafcatu.gov.br\imagens\rodapebaixo.gif --> ftp.insix.com.br /httpdocs/eafc/imagens rodapebaixo.gif
108.10.03 10:17 B G:\Documents\Videos\EXPO Eafcatu\www.eafcatu.gov.br\imagens\tema.gif --> ftp.insix.com.br /httpdocs/eafc/imagens tema.gif
108.10.03 10:17 B G:\Documents\Videos\EXPO Eafcatu\www.eafcatu.gov.br\imagens\TESTE.GIF --> ftp.insix.com.br /httpdocs/eafc/imagens TESTE.GIF
108.10.03 10:17 B G:\Documents\Videos\EXPO Eafcatu\www.eafcatu.gov.br\imagens\Thumbs.db --> ftp.insix.com.br /httpdocs/eafc/imagens Thumbs.db
108.10.03 10:17 B G:\Documents\Videos\EXPO Eafcatu\www.eafcatu.gov.br\imagens\topo_menu.gif --> ftp.insix.com.br /httpdocs/eafc/imagens topo_menu.gif
108.10.03 10:17 B G:\Documents\Videos\EXPO Eafcatu\www.eafcatu.gov.br\imagens\TRATOR.gif --> ftp.insix.com.br /httpdocs/eafc/imagens TRATOR.gif
108.10.03 10:28 B G:\Documents\Videos\EXPO Eafcatu\www.eafcatu.gov.br\imagens\baner.gif --> ftp.insix.com.br /httpdocs/eafc/imagens baner.gif
108.10.03 10:28 B G:\Documents\Videos\EXPO Eafcatu\www.eafcatu.gov.br\imagens\botmenu.gif --> ftp.insix.com.br /httpdocs/eafc/imagens botmenu.gif
108.10.03 10:28 B G:\Documents\Videos\EXPO Eafcatu\www.eafcatu.gov.br\imagens\CONTATO.gif --> ftp.insix.com.br /httpdocs/eafc/imagens CONTATO.gif
108.10.03 10:28 B G:\Documents\Videos\EXPO Eafcatu\www.eafcatu.gov.br\imagens\CURSOS.gif --> ftp.insix.com.br /httpdocs/eafc/imagens CURSOS.gif
108.10.03 10:28 B G:\Documents\Videos\EXPO Eafcatu\www.eafcatu.gov.br\imagens\DATA IMP.gif --> ftp.insix.com.br /httpdocs/eafc/imagens DATA IMP.gif
108.10.03 10:28 B G:\Documents\Videos\EXPO Eafcatu\www.eafcatu.gov.br\imagens\EAFC2.gif --> ftp.insix.com.br /httpdocs/eafc/imagens EAFC2.gif
108.10.03 10:28 B G:\Documents\Videos\EXPO Eafcatu\www.eafcatu.gov.br\imagens\EAFC3.gif --> ftp.insix.com.br /httpdocs/eafc/imagens EAFC3.gif
108.10.03 10:28 B G:\Documents\Videos\EXPO Eafcatu\www.eafcatu.gov.br\imagens\fundo1.jpg --> ftp.insix.com.br /httpdocs/eafc/imagens fundo1.jpg
108.10.03 10:28 B G:\Documents\Videos\EXPO Eafcatu\www.eafcatu.gov.br\imagens\HORTA.gif --> ftp.insix.com.br /httpdocs/eafc/imagens HORTA.gif
108.10.03 10:28 B G:\Documents\Videos\EXPO Eafcatu\www.eafcatu.gov.br\imagens\INCRICAO.gif --> ftp.insix.com.br /httpdocs/eafc/imagens INCRICAO.gif
108.10.03 10:28 B G:\Documents\Videos\EXPO Eafcatu\www.eafcatu.gov.br\imagens\INICIO.gif --> ftp.insix.com.br /httpdocs/eafc/imagens INICIO.gif
108.10.03 10:28 B G:\Documents\Videos\EXPO Eafcatu\www.eafcatu.gov.br\imagens\INICIO2.gif --> ftp.insix.com.br /httpdocs/eafc/imagens INICIO2.gif
108.10.03 10:28 B G:\Documents\Videos\EXPO Eafcatu\www.eafcatu.gov.br\imagens\logoexpo.gif --> ftp.insix.com.br /httpdocs/eafc/imagens logoexpo.gif
108.10.03 10:28 B G:\Documents\Videos\EXPO Eafcatu\www.eafcatu.gov.br\imagens\logoexpo.jpg --> ftp.insix.com.br /httpdocs/eafc/imagens logoexpo.jpg
108.10.03 10:28 B G:\Documents\Videos\EXPO Eafcatu\www.eafcatu.gov.br\imagens\logotipoefac.gif --> ftp.insix.com.br /httpdocs/eafc/imagens logotipoefac.gif
108.10.03 10:28 B G:\Documents\Videos\EXPO Eafcatu\www.eafcatu.gov.br\imagens\out logo.jpg --> ftp.insix.com.br /httpdocs/eafc/imagens out logo.jpg
108.10.03 10:28 B G:\Documents\Videos\EXPO Eafcatu\www.eafcatu.gov.br\imagens\periodo.gif --> ftp.insix.com.br /httpdocs/eafc/imagens periodo.gif
108.10.03 10:28 B G:\Documents\Videos\EXPO Eafcatu\www.eafcatu.gov.br\imagens\rodapebaixo.gif --> ftp.insix.com.br /httpdocs/eafc/imagens rodapebaixo.gif
108.10.03 10:29 B G:\Documents\Videos\EXPO Eafcatu\www.eafcatu.gov.br\imagens\tema.gif --> ftp.insix.com.br /httpdocs/eafc/imagens tema.gif
108.10.03 10:29 B G:\Documents\Videos\EXPO Eafcatu\www.eafcatu.gov.br\imagens\TESTE.GIF --> ftp.insix.com.br /httpdocs/eafc/imagens TESTE.GIF
108.10.03 10:29 B G:\Documents\Videos\EXPO Eafcatu\www.eafcatu.gov.br\imagens\Thumbs.db --> ftp.insix.com.br /httpdocs/eafc/imagens Thumbs.db
108.10.03 10:29 B G:\Documents\Videos\EXPO Eafcatu\www.eafcatu.gov.br\imagens\topo_menu.gif --> ftp.insix.com.br /httpdocs/eafc/imagens topo_menu.gif
108.10.03 10:29 B G:\Documents\Videos\EXPO Eafcatu\www.eafcatu.gov.br\imagens\TRATOR.gif --> ftp.insix.com.br /httpdocs/eafc/imagens TRATOR.gif
108.10.03 10:29 B G:\Documents\Videos\EXPO Eafcatu\www.eafcatu.gov.br\imagens\WS_FTP.LOG --> ftp.insix.com.br /httpdocs/eafc/imagens WS_FTP.LOG
108.10.03 10:41 B G:\Documents\Videos\EXPO Eafcatu\www.eafcatu.gov.br\imagens\baner.gif --> ftp.insix.com.br /httpdocs/eafc/imagens baner.gif
108.10.03 10:41 B G:\Documents\Videos\EXPO Eafcatu\www.eafcatu.gov.br\imagens\baner_trator.gif --> ftp.insix.com.br /httpdocs/eafc/imagens baner_trator.gif
108.10.03 10:41 B G:\Documents\Videos\EXPO Eafcatu\www.eafcatu.gov.br\imagens\barra.gif --> ftp.insix.com.br /httpdocs/eafc/imagens barra.gif
108.10.03 10:41 B G:\Documents\Videos\EXPO Eafcatu\www.eafcatu.gov.br\imagens\barra1.gif --> ftp.insix.com.br /httpdocs/eafc/imagens barra1.gif
108.10.03 10:41 B G:\Documents\Videos\EXPO Eafcatu\www.eafcatu.gov.br\imagens\botmenu.gif --> ftp.insix.com.br /httpdocs/eafc/imagens botmenu.gif
108.10.03 10:42 B G:\Documents\Videos\EXPO Eafcatu\www.eafcatu.gov.br\imagens\cartaz ENEAF ENVIAR 2.jpg --> ftp.insix.com.br /httpdocs/eafc/imagens cartaz ENEAF ENVIAR 2.jpg
108.10.03 10:42 B G:\Documents\Videos\EXPO Eafcatu\www.eafcatu.gov.br\imagens\cartaz.jpg --> ftp.insix.com.br /httpdocs/eafc/imagens cartaz.jpg
108.10.03 10:42 B G:\Documents\Videos\EXPO Eafcatu\www.eafcatu.gov.br\imagens\cartaz1.gif --> ftp.insix.com.br /httpdocs/eafc/imagens cartaz1.gif
108.10.03 10:42 B G:\Documents\Videos\EXPO Eafcatu\www.eafcatu.gov.br\imagens\CONTATO.gif --> ftp.insix.com.br /httpdocs/eafc/imagens CONTATO.gif
108.10.03 10:42 B G:\Documents\Videos\EXPO Eafcatu\www.eafcatu.gov.br\imagens\CURSOS.gif --> ftp.insix.com.br /httpdocs/eafc/imagens CURSOS.gif
108.10.03 10:42 B G:\Documents\Videos\EXPO Eafcatu\www.eafcatu.gov.br\imagens\DATA IMP.gif --> ftp.insix.com.br /httpdocs/eafc/imagens DATA IMP.gif
108.10.03 10:43 B G:\Documents\Videos\EXPO Eafcatu\www.eafcatu.gov.br\imagens\EAFC.JPG --> ftp.insix.com.br /httpdocs/eafc/imagens EAFC.JPG
108.10.03 10:44 B G:\Documents\Videos\EXPO Eafcatu\www.eafcatu.gov.br\imagens\EAFC1.JPG --> ftp.insix.com.br /httpdocs/eafc/imagens EAFC1.JPG
108.10.03 10:44 B G:\Documents\Videos\EXPO Eafcatu\www.eafcatu.gov.br\imagens\EAFC2.gif --> ftp.insix.com.br /httpdocs/eafc/imagens EAFC2.gif
108.10.03 10:44 B G:\Documents\Videos\EXPO Eafcatu\www.eafcatu.gov.br\imagens\EAFC3.gif --> ftp.insix.com.br /httpdocs/eafc/imagens EAFC3.gif
108.10.03 10:44 B G:\Documents\Videos\EXPO Eafcatu\www.eafcatu.gov.br\imagens\expo edu.png --> ftp.insix.com.br /httpdocs/eafc/imagens expo edu.png
108.10.03 10:44 B G:\Documents\Videos\EXPO Eafcatu\www.eafcatu.gov.br\imagens\expo edu1.png --> ftp.insix.com.br /httpdocs/eafc/imagens expo edu1.png
108.10.03 10:47 B G:\Documents\Videos\EXPO Eafcatu\www.eafcatu.gov.br\imagens\fachada externa nova.JPG --> ftp.insix.com.br /httpdocs/eafc/imagens fachada externa nova.JPG
108.10.03 10:48 B G:\Documents\Videos\EXPO Eafcatu\www.eafcatu.gov.br\imagens\TESTE.GIF --> ftp.insix.com.br /httpdocs/eafc/imagens TESTE.GIF
108.10.03 10:48 B G:\Documents\Videos\EXPO Eafcatu\www.eafcatu.gov.br\imagens\teste.png --> ftp.insix.com.br /httpdocs/eafc/imagens teste.png
108.10.03 10:48 B G:\Documents\Videos\EXPO Eafcatu\www.eafcatu.gov.br\imagens\Thumbs.db --> ftp.insix.com.br /httpdocs/eafc/imagens Thumbs.db
108.10.03 10:48 B G:\Documents\Videos\EXPO Eafcatu\www.eafcatu.gov.br\imagens\topo_menu.gif --> ftp.insix.com.br /httpdocs/eafc/imagens topo_menu.gif
108.10.03 10:48 B G:\Documents\Videos\EXPO Eafcatu\www.eafcatu.gov.br\imagens\TRATOR.gif --> ftp.insix.com.br /httpdocs/eafc/imagens TRATOR.gif
108.10.03 10:49 B G:\Documents\Videos\EXPO Eafcatu\www.eafcatu.gov.br\imagens\Trator1.jpg --> ftp.insix.com.br /httpdocs/eafc/imagens Trator1.jpg
108.10.03 10:50 B G:\Documents\Videos\EXPO Eafcatu\www.eafcatu.gov.br\imagens\Trator2.jpg --> ftp.insix.com.br /httpdocs/eafc/imagens Trator2.jpg
108.10.03 10:50 B G:\Documents\Videos\EXPO Eafcatu\www.eafcatu.gov.br\imagens\Figura1.jpg --> ftp.insix.com.br /httpdocs/eafc/imagens Figura1.jpg
108.10.03 10:50 B G:\Documents\Videos\EXPO Eafcatu\www.eafcatu.gov.br\imagens\fundo1.jpg --> ftp.insix.com.br /httpdocs/eafc/imagens fundo1.jpg
108.10.03 10:55 B G:\Documents\Videos\EXPO Eafcatu\www.eafcatu.gov.br\imagens\logo_todas.gif --> ftp.insix.com.br /httpdocs/eafc/imagens logo_todas.gif
108.10.03 10:56 B G:\Documents\Videos\EXPO Eafcatu\www.eafcatu.gov.br\imagens\expo edu.png --> ftp.insix.com.br /httpdocs/eafc/imagens expo edu.png
108.10.03 10:56 B G:\Documents\Videos\EXPO Eafcatu\www.eafcatu.gov.br\imagens\expo edu1.png --> ftp.insix.com.br /httpdocs/eafc/imagens expo edu1.png
108.10.03 10:57 B G:\Documents\Videos\EXPO Eafcatu\www.eafcatu.gov.br\imagens\placa.gif --> ftp.insix.com.br /httpdocs/eafc/imagens placa.gif
108.10.03 10:58 B G:\Documents\Videos\EXPO Eafcatu\www.eafcatu.gov.br\imagens\baner.gif --> ftp.insix.com.br /httpdocs/eafc/imagens baner.gif
108.10.03 10:58 B G:\Documents\Videos\EXPO Eafcatu\www.eafcatu.gov.br\imagens\baner_trator.gif --> ftp.insix.com.br /httpdocs/eafc/imagens baner_trator.gif
108.10.03 10:58 B G:\Documents\Videos\EXPO Eafcatu\www.eafcatu.gov.br\imagens\barra.gif --> ftp.insix.com.br /httpdocs/eafc/imagens barra.gif
108.10.03 10:58 B G:\Documents\Videos\EXPO Eafcatu\www.eafcatu.gov.br\imagens\barra1.gif --> ftp.insix.com.br /httpdocs/eafc/imagens barra1.gif
108.10.03 10:58 B G:\Documents\Videos\EXPO Eafcatu\www.eafcatu.gov.br\imagens\botmenu.gif --> ftp.insix.com.br /httpdocs/eafc/imagens botmenu.gif
108.10.03 10:59 B G:\Documents\Videos\EXPO Eafcatu\www.eafcatu.gov.br\imagens\cartaz ENEAF ENVIAR 2.jpg --> ftp.insix.com.br /httpdocs/eafc/imagens cartaz ENEAF ENVIAR 2.jpg
108.10.03 10:59 B G:\Documents\Videos\EXPO Eafcatu\www.eafcatu.gov.br\imagens\cartaz.jpg --> ftp.insix.com.br /httpdocs/eafc/imagens cartaz.jpg
108.10.03 10:59 B G:\Documents\Videos\EXPO Eafcatu\www.eafcatu.gov.br\imagens\cartaz1.gif --> ftp.insix.com.br /httpdocs/eafc/imagens cartaz1.gif
108.10.03 10:59 B G:\Documents\Videos\EXPO Eafcatu\www.eafcatu.gov.br\imagens\CONTATO.gif --> ftp.insix.com.br /httpdocs/eafc/imagens CONTATO.gif
108.10.03 10:59 B G:\Documents\Videos\EXPO Eafcatu\www.eafcatu.gov.br\imagens\CURSOS.gif --> ftp.insix.com.br /httpdocs/eafc/imagens CURSOS.gif
108.10.03 10:59 B G:\Documents\Videos\EXPO Eafcatu\www.eafcatu.gov.br\imagens\DATA IMP.gif --> ftp.insix.com.br /httpdocs/eafc/imagens DATA IMP.gif
108.10.03 11:00 B G:\Documents\Videos\EXPO Eafcatu\www.eafcatu.gov.br\imagens\EAFC.JPG --> ftp.insix.com.br /httpdocs/eafc/imagens EAFC.JPG
108.10.03 11:01 B G:\Documents\Videos\EXPO Eafcatu\www.eafcatu.gov.br\imagens\EAFC1.JPG --> ftp.insix.com.br /httpdocs/eafc/imagens EAFC1.JPG
108.10.03 11:01 B G:\Documents\Videos\EXPO Eafcatu\www.eafcatu.gov.br\imagens\EAFC2.gif --> ftp.insix.com.br /httpdocs/eafc/imagens EAFC2.gif
108.10.03 11:01 B G:\Documents\Videos\EXPO Eafcatu\www.eafcatu.gov.br\imagens\EAFC3.gif --> ftp.insix.com.br /httpdocs/eafc/imagens EAFC3.gif
108.10.03 11:01 B G:\Documents\Videos\EXPO Eafcatu\www.eafcatu.gov.br\imagens\expo edu.png --> ftp.insix.com.br /httpdocs/eafc/imagens expo edu.png
108.10.03 11:01 B G:\Documents\Videos\EXPO Eafcatu\www.eafcatu.gov.br\imagens\expo edu1.png --> ftp.insix.com.br /httpdocs/eafc/imagens expo edu1.png
108.10.03 11:04 B G:\Documents\Videos\EXPO Eafcatu\www.eafcatu.gov.br\imagens\fachada externa nova.JPG --> ftp.insix.com.br /httpdocs/eafc/imagens fachada externa nova.JPG
108.10.03 11:06 B G:\Documents\Videos\EXPO Eafcatu\www.eafcatu.gov.br\imagens\rodape1.gif --> ftp.insix.com.br /httpdocs/eafc/imagens rodape1.gif
108.10.03 11:06 B G:\Documents\Videos\EXPO Eafcatu\www.eafcatu.gov.br\imagens\rodape2.gif --> ftp.insix.com.br /httpdocs/eafc/imagens rodape2.gif
108.10.03 11:06 B G:\Documents\Videos\EXPO Eafcatu\www.eafcatu.gov.br\imagens\rodape3.png --> ftp.insix.com.br /httpdocs/eafc/imagens rodape3.png
